<?xml version="1.0" encoding="UTF-8"?>
<!-- Generated by org.testng.reporters.JUnitReportReporter -->
<testsuite hostname="DESKTOP-246GKS6" failures="0" tests="6" name="TestNG.DependOnMethods" time="0.067" errors="0" timestamp="2023-01-04T02:49:21 PST" skipped="0">
  <testcase classname="TestNG.DependOnMethods" name="search" time="0.023"/>
  <system-out/>
  <testcase classname="TestNG.DependOnMethods" name="select" time="0.016"/>
  <system-out/>
  <testcase classname="TestNG.DependOnMethods" name="addToCard" time="0.007"/>
  <system-out/>
  <testcase classname="TestNG.DependOnMethods" name="logout" time="0.008"/>
  <system-out/>
  <testcase classname="TestNG.DependOnMethods" name="payment" time="0.006"/>
  <system-out/>
  <testcase classname="TestNG.DependOnMethods" name="login" time="0.007"/>
  <system-out/>
</testsuite> <!-- TestNG.DependOnMethods -->
