<?xml version="1.0" encoding="UTF-8"?>
<!-- Generated by org.testng.reporters.JUnitReportReporter -->
<testsuite hostname="DESKTOP-246GKS6" failures="0" tests="3" name="TestNG.DataProvider" time="0.023" errors="0" timestamp="2023-01-04T02:49:21 PST" skipped="0">
  <testcase classname="TestNG.DataProvider" name="test" time="0.012"/>
  <system-out/>
  <testcase classname="TestNG.DataProvider" name="test" time="0.004"/>
  <system-out/>
  <testcase classname="TestNG.DataProvider" name="test" time="0.007"/>
  <system-out/>
</testsuite> <!-- TestNG.DataProvider -->
