<?xml version="1.0" encoding="UTF-8"?>
<!-- Generated by org.testng.reporters.JUnitReportReporter -->
<testsuite hostname="DESKTOP-246GKS6" failures="0" tests="3" name="TestNG.Test2" time="0.022" errors="0" timestamp="2023-01-04T02:49:21 PST" skipped="0">
  <testcase classname="TestNG.Test2" name="Bdemo3" time="0.004"/>
  <system-out/>
  <testcase classname="TestNG.Test2" name="Ademo1" time="0.009"/>
  <system-out/>
  <testcase classname="TestNG.Test2" name="ademo2" time="0.009"/>
  <system-out/>
</testsuite> <!-- TestNG.Test2 -->
