<?xml version="1.0" encoding="UTF-8"?>
<!-- Generated by org.testng.reporters.JUnitReportReporter -->
<testsuite hostname="DESKTOP-246GKS6" failures="0" tests="3" name="TestNG.Test1" time="0.021" errors="0" timestamp="2023-01-04T02:49:21 PST" skipped="0">
  <testcase classname="TestNG.Test1" name="cdemo3" time="0.003"/>
  <system-out/>
  <testcase classname="TestNG.Test1" name="ademo2" time="0.005"/>
  <system-out/>
  <testcase classname="TestNG.Test1" name="bdemo1" time="0.013"/>
  <system-out/>
</testsuite> <!-- TestNG.Test1 -->
