<?xml version="1.0" encoding="UTF-8"?>
<!-- Generated by org.testng.reporters.JUnitReportReporter -->
<testsuite hostname="DESKTOP-246GKS6" failures="0" tests="4" name="Test3" time="0.079" errors="0" timestamp="2023-01-03T03:07:09 PST" skipped="0">
  <testcase classname="Test3" name="ademo2" time="0.019"/>
  <system-out/>
  <testcase classname="Test3" name="Bdemo3" time="0.023"/>
  <system-out/>
  <testcase classname="Test3" name="Ademo1" time="0.025"/>
  <system-out/>
  <testcase classname="Test3" name="cdemo1" time="0.012"/>
  <system-out/>
</testsuite> <!-- Test3 -->
