<?xml version="1.0" encoding="UTF-8"?>
<!-- Generated by org.testng.reporters.JUnitReportReporter -->
<testsuite hostname="DESKTOP-246GKS6" failures="0" tests="5" name="TestNG.InvocationCount" time="0.066" errors="0" timestamp="2023-01-04T02:49:21 PST" skipped="0">
  <testcase classname="TestNG.InvocationCount" name="demoTest" time="0.016"/>
  <system-out/>
  <testcase classname="TestNG.InvocationCount" name="demoTest" time="0.007"/>
  <system-out/>
  <testcase classname="TestNG.InvocationCount" name="demoTest" time="0.008"/>
  <system-out/>
  <testcase classname="TestNG.InvocationCount" name="demoTest" time="0.012"/>
  <system-out/>
  <testcase classname="TestNG.InvocationCount" name="demoTest" time="0.023"/>
  <system-out/>
</testsuite> <!-- TestNG.InvocationCount -->
