<?xml version="1.0" encoding="UTF-8"?>
<!-- Generated by org.testng.reporters.JUnitReportReporter -->
<testsuite hostname="DESKTOP-246GKS6" failures="0" tests="4" name="Priority" time="0.056" errors="0" timestamp="2023-01-03T03:05:17 PST" skipped="0">
  <testcase classname="Priority" name="Bdemo3" time="0.025"/>
  <system-out/>
  <testcase classname="Priority" name="Ademo1" time="0.009"/>
  <system-out/>
  <testcase classname="Priority" name="ademo2" time="0.008"/>
  <system-out/>
  <testcase classname="Priority" name="cdemo1" time="0.014"/>
  <system-out/>
</testsuite> <!-- Priority -->
